# JRE version: Java(TM) SE Runtime Environment (8.0_161-b12) (build 1.8.0_161-b12)
# Java VM: Java HotSpot(TM) 64-Bit Server VM (25.161-b12 mixed mode linux-amd64 compressed oops)
Heap:
 PSYoungGen      total 36864K, used 7436K [0x00000000d6f80000, 0x00000000d9880000, 0x0000000100000000)
  eden space 31744K, 23% used [0x00000000d6f80000,0x00000000d76c3340,0x00000000d8e80000)
  from space 5120K, 0% used [0x00000000d9380000,0x00000000d9380000,0x00000000d9880000)
  to   space 5120K, 0% used [0x00000000d8e80000,0x00000000d8e80000,0x00000000d9380000)
 ParOldGen       total 68096K, used 10119K [0x0000000084e00000, 0x0000000089080000, 0x00000000d6f80000)
  object space 68096K, 14% used [0x0000000084e00000,0x00000000857e1ea8,0x0000000089080000)
 Metaspace       used 21643K, capacity 22382K, committed 22528K, reserved 1069056K
  class space    used 3018K, capacity 3216K, committed 3328K, reserved 1048576K
GC Heap History (6 events):
Event: 1,431 GC heap before
{Heap before GC invocations=1 (full 0):
 PSYoungGen      total 36864K, used 31744K [0x00000000d6f80000, 0x00000000d9880000, 0x0000000100000000)
  eden space 31744K, 100% used [0x00000000d6f80000,0x00000000d8e80000,0x00000000d8e80000)
  from space 5120K, 0% used [0x00000000d9380000,0x00000000d9380000,0x00000000d9880000)
  to   space 5120K, 0% used [0x00000000d8e80000,0x00000000d8e80000,0x00000000d9380000)
 ParOldGen       total 84992K, used 0K [0x0000000084e00000, 0x000000008a100000, 0x00000000d6f80000)
  object space 84992K, 0% used [0x0000000084e00000,0x0000000084e00000,0x000000008a100000)
 Metaspace       used 15973K, capacity 16672K, committed 16896K, reserved 1062912K
  class space    used 2321K, capacity 2511K, committed 2560K, reserved 1048576K
Event: 1,441 GC heap after
Heap after GC invocations=1 (full 0):
 PSYoungGen      total 36864K, used 5104K [0x00000000d6f80000, 0x00000000d9880000, 0x0000000100000000)
  eden space 31744K, 0% used [0x00000000d6f80000,0x00000000d6f80000,0x00000000d8e80000)
  from space 5120K, 99% used [0x00000000d8e80000,0x00000000d937c050,0x00000000d9380000)
  to   space 5120K, 0% used [0x00000000d9380000,0x00000000d9380000,0x00000000d9880000)
 ParOldGen       total 84992K, used 292K [0x0000000084e00000, 0x000000008a100000, 0x00000000d6f80000)
  object space 84992K, 0% used [0x0000000084e00000,0x0000000084e492b8,0x000000008a100000)
 Metaspace       used 15973K, capacity 16672K, committed 16896K, reserved 1062912K
  class space    used 2321K, capacity 2511K, committed 2560K, reserved 1048576K
}
Event: 7,630 GC heap before
{Heap before GC invocations=2 (full 0):
 PSYoungGen      total 36864K, used 30299K [0x00000000d6f80000, 0x00000000d9880000, 0x0000000100000000)
  eden space 31744K, 79% used [0x00000000d6f80000,0x00000000d881af28,0x00000000d8e80000)
  from space 5120K, 99% used [0x00000000d8e80000,0x00000000d937c050,0x00000000d9380000)
  to   space 5120K, 0% used [0x00000000d9380000,0x00000000d9380000,0x00000000d9880000)
 ParOldGen       total 84992K, used 292K [0x0000000084e00000, 0x000000008a100000, 0x00000000d6f80000)
  object space 84992K, 0% used [0x0000000084e00000,0x0000000084e492b8,0x000000008a100000)
 Metaspace       used 20477K, capacity 21216K, committed 21248K, reserved 1067008K
  class space    used 2848K, capacity 3047K, committed 3072K, reserved 1048576K
Event: 7,644 GC heap after
Heap after GC invocations=2 (full 0):
 PSYoungGen      total 36864K, used 5088K [0x00000000d6f80000, 0x00000000d9880000, 0x0000000100000000)
  eden space 31744K, 0% used [0x00000000d6f80000,0x00000000d6f80000,0x00000000d8e80000)
  from space 5120K, 99% used [0x00000000d9380000,0x00000000d9878050,0x00000000d9880000)
  to   space 5120K, 0% used [0x00000000d8e80000,0x00000000d8e80000,0x00000000d9380000)
 ParOldGen       total 84992K, used 5415K [0x0000000084e00000, 0x000000008a100000, 0x00000000d6f80000)
  object space 84992K, 6% used [0x0000000084e00000,0x0000000085349c58,0x000000008a100000)
 Metaspace       used 20477K, capacity 21216K, committed 21248K, reserved 1067008K
  class space    used 2848K, capacity 3047K, committed 3072K, reserved 1048576K
}
Event: 7,644 GC heap before
{Heap before GC invocations=3 (full 1):
 PSYoungGen      total 36864K, used 5088K [0x00000000d6f80000, 0x00000000d9880000, 0x0000000100000000)
  eden space 31744K, 0% used [0x00000000d6f80000,0x00000000d6f80000,0x00000000d8e80000)
  from space 5120K, 99% used [0x00000000d9380000,0x00000000d9878050,0x00000000d9880000)
  to   space 5120K, 0% used [0x00000000d8e80000,0x00000000d8e80000,0x00000000d9380000)
 ParOldGen       total 84992K, used 5415K [0x0000000084e00000, 0x000000008a100000, 0x00000000d6f80000)
  object space 84992K, 6% used [0x0000000084e00000,0x0000000085349c58,0x000000008a100000)
 Metaspace       used 20477K, capacity 21216K, committed 21248K, reserved 1067008K
  class space    used 2848K, capacity 3047K, committed 3072K, reserved 1048576K
Event: 7,700 GC heap after
Heap after GC invocations=3 (full 1):
 PSYoungGen      total 36864K, used 0K [0x00000000d6f80000, 0x00000000d9880000, 0x0000000100000000)
  eden space 31744K, 0% used [0x00000000d6f80000,0x00000000d6f80000,0x00000000d8e80000)
  from space 5120K, 0% used [0x00000000d9380000,0x00000000d9380000,0x00000000d9880000)
  to   space 5120K, 0% used [0x00000000d8e80000,0x00000000d8e80000,0x00000000d9380000)
 ParOldGen       total 68096K, used 10119K [0x0000000084e00000, 0x0000000089080000, 0x00000000d6f80000)
  object space 68096K, 14% used [0x0000000084e00000,0x00000000857e1ea8,0x0000000089080000)
 Metaspace       used 20477K, capacity 21216K, committed 21248K, reserved 1067008K
  class space    used 2848K, capacity 3047K, committed 3072K, reserved 1048576K
}

