# JRE version: Java(TM) SE Runtime Environment (8.0_161-b12) (build 1.8.0_161-b12)
# Java VM: Java HotSpot(TM) 64-Bit Server VM (25.161-b12 mixed mode linux-amd64 compressed oops)
Heap:
 PSYoungGen      total 36864K, used 6883K [0x00000000d6c00000, 0x00000000d9500000, 0x0000000100000000)
  eden space 31744K, 21% used [0x00000000d6c00000,0x00000000d72b8d90,0x00000000d8b00000)
  from space 5120K, 0% used [0x00000000d9000000,0x00000000d9000000,0x00000000d9500000)
  to   space 5120K, 0% used [0x00000000d8b00000,0x00000000d8b00000,0x00000000d9000000)
 ParOldGen       total 48128K, used 9907K [0x0000000084400000, 0x0000000087300000, 0x00000000d6c00000)
  object space 48128K, 20% used [0x0000000084400000,0x0000000084dace78,0x0000000087300000)
 Metaspace       used 21594K, capacity 22370K, committed 22528K, reserved 1069056K
  class space    used 3013K, capacity 3214K, committed 3328K, reserved 1048576K
GC Heap History (6 events):
Event: 1,704 GC heap before
{Heap before GC invocations=1 (full 0):
 PSYoungGen      total 36864K, used 31744K [0x00000000d6c00000, 0x00000000d9500000, 0x0000000100000000)
  eden space 31744K, 100% used [0x00000000d6c00000,0x00000000d8b00000,0x00000000d8b00000)
  from space 5120K, 0% used [0x00000000d9000000,0x00000000d9000000,0x00000000d9500000)
  to   space 5120K, 0% used [0x00000000d8b00000,0x00000000d8b00000,0x00000000d9000000)
 ParOldGen       total 84992K, used 0K [0x0000000084400000, 0x0000000089700000, 0x00000000d6c00000)
  object space 84992K, 0% used [0x0000000084400000,0x0000000084400000,0x0000000089700000)
 Metaspace       used 15992K, capacity 16672K, committed 16896K, reserved 1062912K
  class space    used 2326K, capacity 2511K, committed 2560K, reserved 1048576K
Event: 1,710 GC heap after
Heap after GC invocations=1 (full 0):
 PSYoungGen      total 36864K, used 5088K [0x00000000d6c00000, 0x00000000d9500000, 0x0000000100000000)
  eden space 31744K, 0% used [0x00000000d6c00000,0x00000000d6c00000,0x00000000d8b00000)
  from space 5120K, 99% used [0x00000000d8b00000,0x00000000d8ff8060,0x00000000d9000000)
  to   space 5120K, 0% used [0x00000000d9000000,0x00000000d9000000,0x00000000d9500000)
 ParOldGen       total 84992K, used 439K [0x0000000084400000, 0x0000000089700000, 0x00000000d6c00000)
  object space 84992K, 0% used [0x0000000084400000,0x000000008446de98,0x0000000089700000)
 Metaspace       used 15992K, capacity 16672K, committed 16896K, reserved 1062912K
  class space    used 2326K, capacity 2511K, committed 2560K, reserved 1048576K
}
Event: 8,316 GC heap before
{Heap before GC invocations=2 (full 0):
 PSYoungGen      total 36864K, used 27872K [0x00000000d6c00000, 0x00000000d9500000, 0x0000000100000000)
  eden space 31744K, 71% used [0x00000000d6c00000,0x00000000d8240260,0x00000000d8b00000)
  from space 5120K, 99% used [0x00000000d8b00000,0x00000000d8ff8060,0x00000000d9000000)
  to   space 5120K, 0% used [0x00000000d9000000,0x00000000d9000000,0x00000000d9500000)
 ParOldGen       total 84992K, used 439K [0x0000000084400000, 0x0000000089700000, 0x00000000d6c00000)
  object space 84992K, 0% used [0x0000000084400000,0x000000008446de98,0x0000000089700000)
 Metaspace       used 20527K, capacity 21204K, committed 21248K, reserved 1067008K
  class space    used 2862K, capacity 3045K, committed 3072K, reserved 1048576K
Event: 8,328 GC heap after
Heap after GC invocations=2 (full 0):
 PSYoungGen      total 36864K, used 5088K [0x00000000d6c00000, 0x00000000d9500000, 0x0000000100000000)
  eden space 31744K, 0% used [0x00000000d6c00000,0x00000000d6c00000,0x00000000d8b00000)
  from space 5120K, 99% used [0x00000000d9000000,0x00000000d94f8058,0x00000000d9500000)
  to   space 5120K, 0% used [0x00000000d8b00000,0x00000000d8b00000,0x00000000d9000000)
 ParOldGen       total 84992K, used 5328K [0x0000000084400000, 0x0000000089700000, 0x00000000d6c00000)
  object space 84992K, 6% used [0x0000000084400000,0x0000000084934128,0x0000000089700000)
 Metaspace       used 20527K, capacity 21204K, committed 21248K, reserved 1067008K
  class space    used 2862K, capacity 3045K, committed 3072K, reserved 1048576K
}
Event: 8,328 GC heap before
{Heap before GC invocations=3 (full 1):
 PSYoungGen      total 36864K, used 5088K [0x00000000d6c00000, 0x00000000d9500000, 0x0000000100000000)
  eden space 31744K, 0% used [0x00000000d6c00000,0x00000000d6c00000,0x00000000d8b00000)
  from space 5120K, 99% used [0x00000000d9000000,0x00000000d94f8058,0x00000000d9500000)
  to   space 5120K, 0% used [0x00000000d8b00000,0x00000000d8b00000,0x00000000d9000000)
 ParOldGen       total 84992K, used 5328K [0x0000000084400000, 0x0000000089700000, 0x00000000d6c00000)
  object space 84992K, 6% used [0x0000000084400000,0x0000000084934128,0x0000000089700000)
 Metaspace       used 20527K, capacity 21204K, committed 21248K, reserved 1067008K
  class space    used 2862K, capacity 3045K, committed 3072K, reserved 1048576K
Event: 8,381 GC heap after
Heap after GC invocations=3 (full 1):
 PSYoungGen      total 36864K, used 0K [0x00000000d6c00000, 0x00000000d9500000, 0x0000000100000000)
  eden space 31744K, 0% used [0x00000000d6c00000,0x00000000d6c00000,0x00000000d8b00000)
  from space 5120K, 0% used [0x00000000d9000000,0x00000000d9000000,0x00000000d9500000)
  to   space 5120K, 0% used [0x00000000d8b00000,0x00000000d8b00000,0x00000000d9000000)
 ParOldGen       total 48128K, used 9907K [0x0000000084400000, 0x0000000087300000, 0x00000000d6c00000)
  object space 48128K, 20% used [0x0000000084400000,0x0000000084dace78,0x0000000087300000)
 Metaspace       used 20527K, capacity 21204K, committed 21248K, reserved 1067008K
  class space    used 2862K, capacity 3045K, committed 3072K, reserved 1048576K
}

